tutorial1/openCVSamplefacedetection/build/intermediates/manifest_merge_blame_file/debug/manifest-merger-blame-debug-report.txt
1<?xml version="1.0" encoding="utf-8"?>
2<manifest xmlns:android="http://schemas.android.com/apk/res/android"
3    package="org.opencv.samples.fd"
4    android:versionCode="1"
5    android:versionName="1.0" >
6
7    <uses-sdk
8        android:minSdkVersion="1"
8-->src/main/AndroidManifest.xml
9        android:targetSdkVersion="30" />
9-->src/main/AndroidManifest.xml
10
11    <supports-screens
11-->src/main/AndroidManifest.xml:8:5-12:51
12        android:anyDensity="true"
12-->src/main/AndroidManifest.xml:12:23-48
13        android:largeScreens="true"
13-->src/main/AndroidManifest.xml:11:23-50
14        android:normalScreens="true"
14-->src/main/AndroidManifest.xml:10:23-51
15        android:resizeable="true"
15-->src/main/AndroidManifest.xml:8:23-48
16        android:smallScreens="true" />
16-->src/main/AndroidManifest.xml:9:23-50
17
18    <uses-permission android:name="android.permission.CAMERA" />
18-->src/main/AndroidManifest.xml:26:5-64
18-->src/main/AndroidManifest.xml:26:22-62
19
20    <uses-feature android:name="android.hardware.camera" />
20-->src/main/AndroidManifest.xml:27:5-60
20-->src/main/AndroidManifest.xml:27:19-57
21    <uses-feature android:name="android.hardware.camera.autofocus" />
21-->src/main/AndroidManifest.xml:28:5-70
21-->src/main/AndroidManifest.xml:28:19-67
22
23    <application
23-->src/main/AndroidManifest.xml:14:5-24:19
24        android:debuggable="true"
25        android:icon="@drawable/icon"
25-->src/main/AndroidManifest.xml:14:51-80
26        android:label="@string/app_name" >
26-->src/main/AndroidManifest.xml:14:18-50
27        <activity
27-->src/main/AndroidManifest.xml:15:9-23:20
28            android:name="org.opencv.samples.fd.FdActivity"
28-->src/main/AndroidManifest.xml:15:19-44
29            android:configChanges="keyboardHidden|orientation"
29-->src/main/AndroidManifest.xml:18:19-69
30            android:label="@string/app_name"
30-->src/main/AndroidManifest.xml:16:19-51
31            android:screenOrientation="landscape" >
31-->src/main/AndroidManifest.xml:17:19-56
32            <intent-filter>
32-->src/main/AndroidManifest.xml:19:13-22:29
33                <action android:name="android.intent.action.MAIN" />
33-->src/main/AndroidManifest.xml:20:17-69
33-->src/main/AndroidManifest.xml:20:25-66
34
35                <category android:name="android.intent.category.LAUNCHER" />
35-->src/main/AndroidManifest.xml:21:17-77
35-->src/main/AndroidManifest.xml:21:27-74
36            </intent-filter>
37        </activity>
38    </application>
39
40</manifest>